1628535116286	geckodriver	INFO	Listening on 127.0.0.1:44735
1628535116289	mozrunner::runner	INFO	Running command: "/usr/bin/firefox" "--marionette" "-foreground" "-no-remote" "-profile" "/tmp/rust_mozprofileT3Vb87"
1628535116720	Marionette	INFO	Marionette enabled
console.warn: SearchSettings: "get: No settings file exists, new profile?" (new NotFoundError("Could not open the file at /tmp/rust_mozprofileT3Vb87/search.json.mozlz4", (void 0)))
1628535117940	Marionette	INFO	Listening on port 32991
1628535118025	Marionette	WARN	TLS certificate errors will be ignored for this session
console.error: services.settings: 
  main/doh-providers Signature failed  InvalidSignatureError: Invalid content signature (main/doh-providers)
console.error: services.settings: 
  main/doh-providers local data was corrupted
console.warn: services.settings: main/doh-providers Signature verified failed. Retry from scratch
console.error: services.settings: 
  main/doh-config Signature failed  InvalidSignatureError: Invalid content signature (main/doh-config)
console.error: services.settings: 
  main/doh-config local data was corrupted
console.warn: services.settings: main/doh-config Signature verified failed. Retry from scratch
1628535409918	geckodriver	INFO	Listening on 127.0.0.1:39249
1628535409921	mozrunner::runner	INFO	Running command: "/usr/bin/firefox" "--marionette" "-foreground" "-no-remote" "-profile" "/tmp/rust_mozprofiledYiI1w"
1628535410508	Marionette	INFO	Marionette enabled
console.warn: SearchSettings: "get: No settings file exists, new profile?" (new NotFoundError("Could not open the file at /tmp/rust_mozprofiledYiI1w/search.json.mozlz4", (void 0)))
1628535411908	Marionette	INFO	Listening on port 42231
1628535411939	Marionette	WARN	TLS certificate errors will be ignored for this session
1628535500745	geckodriver	INFO	Listening on 127.0.0.1:46011
1628535500747	mozrunner::runner	INFO	Running command: "/usr/bin/firefox" "--marionette" "-foreground" "-no-remote" "-profile" "/tmp/rust_mozprofileayMcjS"
1628535501211	Marionette	INFO	Marionette enabled
console.warn: SearchSettings: "get: No settings file exists, new profile?" (new NotFoundError("Could not open the file at /tmp/rust_mozprofileayMcjS/search.json.mozlz4", (void 0)))
1628535502419	Marionette	INFO	Listening on port 36725
1628535502500	Marionette	WARN	TLS certificate errors will be ignored for this session
console.log: WebExtensions: reset-default-search: starting.
console.log: WebExtensions: reset-default-search: No addons in our list are installed.
1628535629067	geckodriver	INFO	Listening on 127.0.0.1:56099
1628535629070	mozrunner::runner	INFO	Running command: "/usr/bin/firefox" "--marionette" "-foreground" "-no-remote" "-profile" "/tmp/rust_mozprofileMu2U8L"
1628535629501	Marionette	INFO	Marionette enabled
console.warn: SearchSettings: "get: No settings file exists, new profile?" (new NotFoundError("Could not open the file at /tmp/rust_mozprofileMu2U8L/search.json.mozlz4", (void 0)))
1628535630797	Marionette	INFO	Listening on port 36323
1628535630889	Marionette	WARN	TLS certificate errors will be ignored for this session
1628535666330	geckodriver	INFO	Listening on 127.0.0.1:33257
1628535666333	mozrunner::runner	INFO	Running command: "/usr/bin/firefox" "--marionette" "-foreground" "-no-remote" "-profile" "/tmp/rust_mozprofile3lyLyu"
1628535666925	Marionette	INFO	Marionette enabled
console.warn: SearchSettings: "get: No settings file exists, new profile?" (new NotFoundError("Could not open the file at /tmp/rust_mozprofile3lyLyu/search.json.mozlz4", (void 0)))
1628535668322	Marionette	INFO	Listening on port 35843
1628535668353	Marionette	WARN	TLS certificate errors will be ignored for this session
console.error: services.settings: 
  main/doh-providers Signature failed  InvalidSignatureError: Invalid content signature (main/doh-providers)
console.error: services.settings: 
  main/doh-providers local data was corrupted
console.warn: services.settings: main/doh-providers Signature verified failed. Retry from scratch
console.error: services.settings: 
  main/doh-config Signature failed  InvalidSignatureError: Invalid content signature (main/doh-config)
console.error: services.settings: 
  main/doh-config local data was corrupted
console.warn: services.settings: main/doh-config Signature verified failed. Retry from scratch
console.error: services.settings: 
  main/doh-providers Signature failed  InvalidSignatureError: Invalid content signature (main/doh-providers)
console.error: services.settings: 
  main/doh-providers local data was corrupted
console.warn: services.settings: main/doh-providers Signature verified failed. Retry from scratch
console.error: services.settings: 
  main/doh-config Signature failed  InvalidSignatureError: Invalid content signature (main/doh-config)
console.error: services.settings: 
  main/doh-config local data was corrupted
console.warn: services.settings: main/doh-config Signature verified failed. Retry from scratch
console.log: WebExtensions: reset-default-search: starting.
console.log: WebExtensions: reset-default-search: No addons in our list are installed.
1628535806946	geckodriver	INFO	Listening on 127.0.0.1:55569
1628535806949	mozrunner::runner	INFO	Running command: "/usr/bin/firefox" "--marionette" "-foreground" "-no-remote" "-profile" "/tmp/rust_mozprofilewQHz2T"
1628535807432	Marionette	INFO	Marionette enabled
console.warn: SearchSettings: "get: No settings file exists, new profile?" (new NotFoundError("Could not open the file at /tmp/rust_mozprofilewQHz2T/search.json.mozlz4", (void 0)))
1628535808775	Marionette	INFO	Listening on port 42431
1628535808867	Marionette	WARN	TLS certificate errors will be ignored for this session
1628535841212	geckodriver	INFO	Listening on 127.0.0.1:41139
1628535841214	mozrunner::runner	INFO	Running command: "/usr/bin/firefox" "--marionette" "-foreground" "-no-remote" "-profile" "/tmp/rust_mozprofileHB6h4c"
1628535841684	Marionette	INFO	Marionette enabled
console.warn: SearchSettings: "get: No settings file exists, new profile?" (new NotFoundError("Could not open the file at /tmp/rust_mozprofileHB6h4c/search.json.mozlz4", (void 0)))
1628535842890	Marionette	INFO	Listening on port 37387
1628535842934	Marionette	WARN	TLS certificate errors will be ignored for this session
1628535873035	Marionette	INFO	Stopped listening on port 37387

###!!! [Parent][RunMessage] Error: Channel closing: too late to send/recv, messages will be lost

console.log: WebExtensions: reset-default-search: starting.
console.log: WebExtensions: reset-default-search: No addons in our list are installed.
console.error: services.settings: 
  main/doh-providers Signature failed  InvalidSignatureError: Invalid content signature (main/doh-providers)
console.error: services.settings: 
  main/doh-providers local data was corrupted
console.warn: services.settings: main/doh-providers Signature verified failed. Retry from scratch
console.error: services.settings: 
  main/doh-config Signature failed  InvalidSignatureError: Invalid content signature (main/doh-config)
console.error: services.settings: 
  main/doh-config local data was corrupted
console.warn: services.settings: main/doh-config Signature verified failed. Retry from scratch
console.error: services.settings: 
  main/doh-providers Signature failed  InvalidSignatureError: Invalid content signature (main/doh-providers)
console.error: services.settings: 
  main/doh-providers local data was corrupted
console.warn: services.settings: main/doh-providers Signature verified failed. Retry from scratch
console.error: services.settings: 
  main/doh-config Signature failed  InvalidSignatureError: Invalid content signature (main/doh-config)
console.error: services.settings: 
  main/doh-config local data was corrupted
console.warn: services.settings: main/doh-config Signature verified failed. Retry from scratch
console.log: WebExtensions: reset-default-search: starting.
console.log: WebExtensions: reset-default-search: No addons in our list are installed.
1628536042644	geckodriver	INFO	Listening on 127.0.0.1:38783
1628536042647	mozrunner::runner	INFO	Running command: "/usr/bin/firefox" "--marionette" "-foreground" "-no-remote" "-profile" "/tmp/rust_mozprofile8ZKj1U"
1628536043135	Marionette	INFO	Marionette enabled
console.warn: SearchSettings: "get: No settings file exists, new profile?" (new NotFoundError("Could not open the file at /tmp/rust_mozprofile8ZKj1U/search.json.mozlz4", (void 0)))
1628536044382	Marionette	INFO	Listening on port 38427
1628536044468	Marionette	WARN	TLS certificate errors will be ignored for this session
console.log: WebExtensions: reset-default-search: starting.
console.log: WebExtensions: reset-default-search: No addons in our list are installed.
console.error: services.settings: 
  main/doh-providers Signature failed  InvalidSignatureError: Invalid content signature (main/doh-providers)
console.error: services.settings: 
  main/doh-providers local data was corrupted
console.warn: services.settings: main/doh-providers Signature verified failed. Retry from scratch
console.error: services.settings: 
  main/doh-config Signature failed  InvalidSignatureError: Invalid content signature (main/doh-config)
console.error: services.settings: 
  main/doh-config local data was corrupted
console.warn: services.settings: main/doh-config Signature verified failed. Retry from scratch
1628536093129	geckodriver	INFO	Listening on 127.0.0.1:55015
1628536093132	mozrunner::runner	INFO	Running command: "/usr/bin/firefox" "--marionette" "-foreground" "-no-remote" "-profile" "/tmp/rust_mozprofilepaEn9G"
1628536093564	Marionette	INFO	Marionette enabled
console.warn: SearchSettings: "get: No settings file exists, new profile?" (new NotFoundError("Could not open the file at /tmp/rust_mozprofilepaEn9G/search.json.mozlz4", (void 0)))
1628536094995	Marionette	INFO	Listening on port 44889
1628536095049	Marionette	WARN	TLS certificate errors will be ignored for this session
1628536152325	geckodriver	INFO	Listening on 127.0.0.1:49677
1628536152328	mozrunner::runner	INFO	Running command: "/usr/bin/firefox" "--marionette" "-foreground" "-no-remote" "-profile" "/tmp/rust_mozprofileaKiBLE"
1628536152905	Marionette	INFO	Marionette enabled
console.warn: SearchSettings: "get: No settings file exists, new profile?" (new NotFoundError("Could not open the file at /tmp/rust_mozprofileaKiBLE/search.json.mozlz4", (void 0)))
1628536154271	Marionette	INFO	Listening on port 38909
1628536154350	Marionette	WARN	TLS certificate errors will be ignored for this session
console.log: WebExtensions: reset-default-search: starting.
console.log: WebExtensions: reset-default-search: No addons in our list are installed.
1628536245854	geckodriver	INFO	Listening on 127.0.0.1:40031
1628536245858	mozrunner::runner	INFO	Running command: "/usr/bin/firefox" "--marionette" "-foreground" "-no-remote" "-profile" "/tmp/rust_mozprofileiA35Ii"
1628536246293	Marionette	INFO	Marionette enabled
console.warn: SearchSettings: "get: No settings file exists, new profile?" (new NotFoundError("Could not open the file at /tmp/rust_mozprofileiA35Ii/search.json.mozlz4", (void 0)))
1628536247534	Marionette	INFO	Listening on port 37543
1628536247579	Marionette	WARN	TLS certificate errors will be ignored for this session
1628536293169	geckodriver	INFO	Listening on 127.0.0.1:37953
1628536293172	mozrunner::runner	INFO	Running command: "/usr/bin/firefox" "--marionette" "-foreground" "-no-remote" "-profile" "/tmp/rust_mozprofilex8oSLt"
1628536293634	Marionette	INFO	Marionette enabled
console.warn: SearchSettings: "get: No settings file exists, new profile?" (new NotFoundError("Could not open the file at /tmp/rust_mozprofilex8oSLt/search.json.mozlz4", (void 0)))
1628536294890	Marionette	INFO	Listening on port 41023
1628536295000	Marionette	WARN	TLS certificate errors will be ignored for this session
console.error: services.settings: 
  main/doh-providers Signature failed  InvalidSignatureError: Invalid content signature (main/doh-providers)
console.error: services.settings: 
  main/doh-providers local data was corrupted
console.warn: services.settings: main/doh-providers Signature verified failed. Retry from scratch
console.error: services.settings: 
  main/doh-config Signature failed  InvalidSignatureError: Invalid content signature (main/doh-config)
console.error: services.settings: 
  main/doh-config local data was corrupted
console.warn: services.settings: main/doh-config Signature verified failed. Retry from scratch
1628536318681	Marionette	INFO	Stopped listening on port 32991

###!!! [Parent][RunMessage] Error: Channel closing: too late to send/recv, messages will be lost

1628536322654	Marionette	INFO	Stopped listening on port 36725

###!!! [Parent][RunMessage] Error: Channel closing: too late to send/recv, messages will be lost

1628536326377	Marionette	INFO	Stopped listening on port 36323

###!!! [Parent][RunMessage] Error: Channel closing: too late to send/recv, messages will be lost

1628536330038	Marionette	INFO	Stopped listening on port 35843
1628536333667	Marionette	INFO	Stopped listening on port 42431

###!!! [Parent][RunMessage] Error: Channel closing: too late to send/recv, messages will be lost

1628536339340	Marionette	INFO	Stopped listening on port 38427

###!!! [Parent][RunMessage] Error: Channel closing: too late to send/recv, messages will be lost

1628536343181	Marionette	INFO	Stopped listening on port 44889

###!!! [Parent][RunMessage] Error: Channel closing: too late to send/recv, messages will be lost

console.error: services.settings: 
  main/doh-providers Signature failed  InvalidSignatureError: Invalid content signature (main/doh-providers)
console.error: services.settings: 
  main/doh-providers local data was corrupted
console.warn: services.settings: main/doh-providers Signature verified failed. Retry from scratch
console.error: services.settings: 
  main/doh-config Signature failed  InvalidSignatureError: Invalid content signature (main/doh-config)
console.error: services.settings: 
  main/doh-config local data was corrupted
console.warn: services.settings: main/doh-config Signature verified failed. Retry from scratch
1628536467337	geckodriver	INFO	Listening on 127.0.0.1:35263
1628536467339	mozrunner::runner	INFO	Running command: "/usr/bin/firefox" "--marionette" "-foreground" "-no-remote" "-profile" "/tmp/rust_mozprofile12sX4y"
1628536467834	Marionette	INFO	Marionette enabled
console.warn: SearchSettings: "get: No settings file exists, new profile?" (new NotFoundError("Could not open the file at /tmp/rust_mozprofile12sX4y/search.json.mozlz4", (void 0)))
1628536469101	Marionette	INFO	Listening on port 38957
1628536469221	Marionette	WARN	TLS certificate errors will be ignored for this session
Exiting due to channel error.
Exiting due to channel error.
Exiting due to channel error.
console.error: services.settings: 
  main/doh-providers Signature failed  InvalidSignatureError: Invalid content signature (main/doh-providers)
console.error: services.settings: 
  main/doh-providers local data was corrupted
console.warn: services.settings: main/doh-providers Signature verified failed. Retry from scratch
console.error: services.settings: 
  main/doh-config Signature failed  InvalidSignatureError: Invalid content signature (main/doh-config)
console.error: services.settings: 
  main/doh-config local data was corrupted
console.warn: services.settings: main/doh-config Signature verified failed. Retry from scratch
1628536538180	geckodriver	INFO	Listening on 127.0.0.1:60991
1628536538183	mozrunner::runner	INFO	Running command: "/usr/bin/firefox" "--marionette" "-foreground" "-no-remote" "-profile" "/tmp/rust_mozprofileto2tap"
1628536538787	Marionette	INFO	Marionette enabled
console.warn: SearchSettings: "get: No settings file exists, new profile?" (new NotFoundError("Could not open the file at /tmp/rust_mozprofileto2tap/search.json.mozlz4", (void 0)))
1628536540067	Marionette	INFO	Listening on port 37223
1628536540121	Marionette	WARN	TLS certificate errors will be ignored for this session
console.log: WebExtensions: reset-default-search: starting.
console.log: WebExtensions: reset-default-search: No addons in our list are installed.
Exiting due to channel error.
Exiting due to channel error.
Exiting due to channel error.
console.error: services.settings: 
  main/doh-providers Signature failed  InvalidSignatureError: Invalid content signature (main/doh-providers)
console.error: services.settings: 
  main/doh-providers local data was corrupted
console.warn: services.settings: main/doh-providers Signature verified failed. Retry from scratch
console.error: services.settings: 
  main/doh-config Signature failed  InvalidSignatureError: Invalid content signature (main/doh-config)
console.error: services.settings: 
  main/doh-config local data was corrupted
console.warn: services.settings: main/doh-config Signature verified failed. Retry from scratch
1628536569081	geckodriver	INFO	Listening on 127.0.0.1:55549
1628536569084	mozrunner::runner	INFO	Running command: "/usr/bin/firefox" "--marionette" "-foreground" "-no-remote" "-profile" "/tmp/rust_mozprofileD6pc9y"
1628536569627	Marionette	INFO	Marionette enabled
console.warn: SearchSettings: "get: No settings file exists, new profile?" (new NotFoundError("Could not open the file at /tmp/rust_mozprofileD6pc9y/search.json.mozlz4", (void 0)))
1628536570946	Marionette	INFO	Listening on port 33395
1628536571029	Marionette	WARN	TLS certificate errors will be ignored for this session
Exiting due to channel error.
Exiting due to channel error.
Exiting due to channel error.
console.log: WebExtensions: reset-default-search: starting.
console.log: WebExtensions: reset-default-search: No addons in our list are installed.
console.log: WebExtensions: reset-default-search: starting.
console.log: WebExtensions: reset-default-search: No addons in our list are installed.
1628549423691	Marionette	INFO	Stopped listening on port 42231

###!!! [Parent][RunMessage] Error: Channel closing: too late to send/recv, messages will be lost

1628549426605	Marionette	INFO	Stopped listening on port 38909

###!!! [Parent][RunMessage] Error: Channel closing: too late to send/recv, messages will be lost

1628549428706	Marionette	INFO	Stopped listening on port 37543

###!!! [Parent][RunMessage] Error: Channel closing: too late to send/recv, messages will be lost

1628549430218	Marionette	INFO	Stopped listening on port 41023

###!!! [Parent][RunMessage] Error: Channel closing: too late to send/recv, messages will be lost

